<?xml version="1.0" encoding="UTF-8"?>
<!-- Generated by org.testng.reporters.JUnitReportReporter -->
<testsuite hostname="DESKTOP-A2SGV3Q" failures="0" tests="1" name="LambdatestAssessment.LambdatestAssessment.Test_Scenario2" time="11.563" errors="0" timestamp="2024-04-05T12:54:25 CDT" skipped="0">
  <testcase classname="LambdatestAssessment.LambdatestAssessment.Test_Scenario2" name="Scenario2" time="11.563"/>
  <system-out/>
</testsuite> <!-- LambdatestAssessment.LambdatestAssessment.Test_Scenario2 -->
