<?xml version="1.0" encoding="UTF-8"?>
<!-- Generated by org.testng.reporters.JUnitReportReporter -->
<testsuite hostname="DESKTOP-A2SGV3Q" failures="0" tests="9" name="TESTNGASSESSMENT_LT.TESTNGASSESSMENT_LT.Scenario1" time="27.735" errors="0" timestamp="2024-05-14T12:57:03 CDT" skipped="0">
  <testcase classname="TESTNGASSESSMENT_LT.TESTNGASSESSMENT_LT.Scenario1" name="TestScenario1" time="1.331"/>
  <testcase classname="TESTNGASSESSMENT_LT.TESTNGASSESSMENT_LT.Scenario1" name="TestScenario2" time="3.800"/>
  <testcase classname="TESTNGASSESSMENT_LT.TESTNGASSESSMENT_LT.Scenario1" name="TestScenario2" time="4.217"/>
  <testcase classname="TESTNGASSESSMENT_LT.TESTNGASSESSMENT_LT.Scenario1" name="test3" time="2.933"/>
  <testcase classname="TESTNGASSESSMENT_LT.TESTNGASSESSMENT_LT.Scenario1" name="TestScenario1" time="1.665"/>
  <testcase classname="TESTNGASSESSMENT_LT.TESTNGASSESSMENT_LT.Scenario1" name="test3" time="4.696"/>
  <testcase classname="TESTNGASSESSMENT_LT.TESTNGASSESSMENT_LT.Scenario1" name="TestScenario1" time="0.649"/>
  <testcase classname="TESTNGASSESSMENT_LT.TESTNGASSESSMENT_LT.Scenario1" name="test3" time="3.845"/>
  <testcase classname="TESTNGASSESSMENT_LT.TESTNGASSESSMENT_LT.Scenario1" name="TestScenario2" time="4.599"/>
</testsuite> <!-- TESTNGASSESSMENT_LT.TESTNGASSESSMENT_LT.Scenario1 -->
