<?xml version="1.0" encoding="UTF-8"?>
<!-- Generated by org.testng.reporters.JUnitReportReporter -->
<testsuite hostname="DESKTOP-A2SGV3Q" failures="0" tests="1" name="TESTNGASSESSMENT_LT.TESTNGASSESSMENT_LT.TestScenario2" time="37.313" errors="0" timestamp="2024-05-16T14:48:02 CDT" skipped="0">
  <testcase classname="TESTNGASSESSMENT_LT.TESTNGASSESSMENT_LT.TestScenario2" name="TestScenario2" time="37.313"/>
</testsuite> <!-- TESTNGASSESSMENT_LT.TESTNGASSESSMENT_LT.TestScenario2 -->
