<?xml version="1.0" encoding="UTF-8"?>
<!-- Generated by org.testng.reporters.JUnitReportReporter -->
<testsuite hostname="DESKTOP-A2SGV3Q" failures="0" tests="1" name="TESTNGASSESSMENT_LT.TESTNGASSESSMENT_LT.TestScenario1" time="23.999" errors="0" timestamp="2024-05-16T14:48:02 CDT" skipped="0">
  <testcase classname="TESTNGASSESSMENT_LT.TESTNGASSESSMENT_LT.TestScenario1" name="Scenario1" time="23.999"/>
</testsuite> <!-- TESTNGASSESSMENT_LT.TESTNGASSESSMENT_LT.TestScenario1 -->
