<?xml version="1.0" encoding="UTF-8"?>
<!-- Generated by org.testng.reporters.JUnitReportReporter -->
<testsuite hostname="DESKTOP-A2SGV3Q" failures="0" tests="1" name="TESTNGASSESSMENT_LT.TESTNGASSESSMENT_LT.TestScenario3" time="14.782" errors="0" timestamp="2024-05-16T14:48:02 CDT" skipped="0">
  <testcase classname="TESTNGASSESSMENT_LT.TESTNGASSESSMENT_LT.TestScenario3" name="TestScenario3" time="14.782"/>
</testsuite> <!-- TESTNGASSESSMENT_LT.TESTNGASSESSMENT_LT.TestScenario3 -->
